<?xml version="1.0" encoding="UTF-8"?>
<!-- Generated by org.testng.reporters.JUnitReportReporter -->
<testsuite hostname="LAPTOP-9SAO9B6V" failures="0" tests="1" name="com.w2a.testcases.LoginTest" time="0.418" errors="0" timestamp="2021-01-27T20:27:05 GMT" skipped="0">
  <testcase classname="com.w2a.testcases.LoginTest" name="loginAsBankManager" time="0.418"/>
  <system-out/>
</testsuite> <!-- com.w2a.testcases.LoginTest -->
