<?xml version="1.0" encoding="UTF-8"?>
<!-- Generated by org.testng.reporters.JUnitReportReporter -->
<testsuite hostname="LAPTOP-9SAO9B6V" failures="0" tests="1" name="com.w2a.testcases.LoginTest" time="0.000" errors="0" timestamp="2021-01-26T22:31:35 GMT" skipped="1">
  <testcase classname="com.w2a.testcases.LoginTest" name="loginAsBankManager" time="0.000">
    <skipped/>
  </testcase> <!-- loginAsBankManager -->
  <system-out/>
</testsuite> <!-- com.w2a.testcases.LoginTest -->
