<?xml version="1.0" encoding="UTF-8"?>
<!-- Generated by org.testng.reporters.JUnitReportReporter -->
<testsuite hostname="LAPTOP-9SAO9B6V" failures="0" tests="1" name="com.w2a.testcases.AddCustomerTest" time="21.045" errors="0" timestamp="2021-01-28T21:42:26 GMT" skipped="0">
  <testcase classname="com.w2a.testcases.AddCustomerTest" name="AddCustomer" time="21.045"/>
  <system-out/>
</testsuite> <!-- com.w2a.testcases.AddCustomerTest -->
