<?xml version="1.0" encoding="UTF-8"?>
<!-- Generated by org.testng.reporters.JUnitReportReporter -->
<testsuite hostname="LAPTOP-9SAO9B6V" failures="0" tests="1" name="com.w2a.testcases.AddCustomerTest" time="0.917" errors="0" timestamp="2021-01-29T17:53:32 GMT" skipped="0">
  <testcase classname="com.w2a.testcases.AddCustomerTest" name="AddCustomer" time="0.917"/>
  <system-out/>
</testsuite> <!-- com.w2a.testcases.AddCustomerTest -->
